Release 14.7 - xst P.20131013 (nt64)
Copyright (c) 1995-2013 Xilinx, Inc.  All rights reserved.
--> Parameter TMPDIR set to xst/projnav.tmp


Total REAL time to Xst completion: 0.00 secs
Total CPU time to Xst completion: 0.09 secs
 
--> Parameter xsthdpdir set to xst


Total REAL time to Xst completion: 0.00 secs
Total CPU time to Xst completion: 0.09 secs
 
--> Reading design: CLA.prj

TABLE OF CONTENTS
  1) Synthesis Options Summary
  2) HDL Compilation
  3) Design Hierarchy Analysis
  4) HDL Analysis
  5) HDL Synthesis
     5.1) HDL Synthesis Report
  6) Advanced HDL Synthesis
     6.1) Advanced HDL Synthesis Report
  7) Low Level Synthesis
  8) Partition Report
  9) Final Report
	9.1) Device utilization summary
	9.2) Partition Resource Summary
	9.3) TIMING REPORT


=========================================================================
*                      Synthesis Options Summary                        *
=========================================================================
---- Source Parameters
Input File Name                    : "CLA.prj"
Input Format                       : mixed
Ignore Synthesis Constraint File   : NO

---- Target Parameters
Output File Name                   : "CLA"
Output Format                      : NGC
Target Device                      : xc3sd1800a-4-fg676

---- Source Options
Top Module Name                    : CLA
Automatic FSM Extraction           : YES
FSM Encoding Algorithm             : Auto
Safe Implementation                : No
FSM Style                          : LUT
RAM Extraction                     : Yes
RAM Style                          : Auto
ROM Extraction                     : Yes
Mux Style                          : Auto
Decoder Extraction                 : YES
Priority Encoder Extraction        : Yes
Shift Register Extraction          : YES
Logical Shifter Extraction         : YES
XOR Collapsing                     : YES
ROM Style                          : Auto
Mux Extraction                     : Yes
Resource Sharing                   : YES
Asynchronous To Synchronous        : NO
Use DSP Block                      : Auto
Automatic Register Balancing       : No

---- Target Options
Add IO Buffers                     : YES
Global Maximum Fanout              : 500
Add Generic Clock Buffer(BUFG)     : 24
Register Duplication               : YES
Slice Packing                      : YES
Optimize Instantiated Primitives   : NO
Use Clock Enable                   : Yes
Use Synchronous Set                : Yes
Use Synchronous Reset              : Yes
Pack IO Registers into IOBs        : Auto
Equivalent register Removal        : YES

---- General Options
Optimization Goal                  : Speed
Optimization Effort                : 1
Keep Hierarchy                     : No
Netlist Hierarchy                  : As_Optimized
RTL Output                         : Yes
Global Optimization                : AllClockNets
Read Cores                         : YES
Write Timing Constraints           : NO
Cross Clock Analysis               : NO
Hierarchy Separator                : /
Bus Delimiter                      : <>
Case Specifier                     : Maintain
Slice Utilization Ratio            : 100
BRAM Utilization Ratio             : 100
DSP48 Utilization Ratio            : 100
Verilog 2001                       : YES
Auto BRAM Packing                  : NO
Slice Utilization Ratio Delta      : 5

=========================================================================


=========================================================================
*                          HDL Compilation                              *
=========================================================================
Compiling vhdl file "C:/Users/Ali/Desktop/CA-Project-1/Adders/16 bit/carry_lookahead/lookahead/G_P_generate.vhd" in Library work.
Architecture behavioral of Entity g_p_generate is up to date.
Compiling vhdl file "C:/Users/Ali/Desktop/CA-Project-1/Adders/16 bit/carry_lookahead/lookahead/carry_generator.vhd" in Library work.
Architecture behavioral of Entity carry_generator is up to date.
Compiling vhdl file "C:/Users/Ali/Desktop/CA-Project-1/Adders/16 bit/carry_lookahead/lookahead/CLA.vhd" in Library work.
Architecture behavioral of Entity cla is up to date.

=========================================================================
*                     Design Hierarchy Analysis                         *
=========================================================================
Analyzing hierarchy for entity <CLA> in library <work> (architecture <behavioral>).

Analyzing hierarchy for entity <G_P_generate> in library <work> (architecture <behavioral>).

Analyzing hierarchy for entity <carry_generator> in library <work> (architecture <behavioral>).


=========================================================================
*                            HDL Analysis                               *
=========================================================================
Analyzing Entity <CLA> in library <work> (Architecture <behavioral>).
Entity <CLA> analyzed. Unit <CLA> generated.

Analyzing Entity <G_P_generate> in library <work> (Architecture <behavioral>).
Entity <G_P_generate> analyzed. Unit <G_P_generate> generated.

Analyzing Entity <carry_generator> in library <work> (Architecture <behavioral>).
Entity <carry_generator> analyzed. Unit <carry_generator> generated.


=========================================================================
*                           HDL Synthesis                               *
=========================================================================

Performing bidirectional port resolution...

Synthesizing Unit <G_P_generate>.
    Related source file is "C:/Users/Ali/Desktop/CA-Project-1/Adders/16 bit/carry_lookahead/lookahead/G_P_generate.vhd".
Unit <G_P_generate> synthesized.


Synthesizing Unit <carry_generator>.
    Related source file is "C:/Users/Ali/Desktop/CA-Project-1/Adders/16 bit/carry_lookahead/lookahead/carry_generator.vhd".
Unit <carry_generator> synthesized.


Synthesizing Unit <CLA>.
    Related source file is "C:/Users/Ali/Desktop/CA-Project-1/Adders/16 bit/carry_lookahead/lookahead/CLA.vhd".
    Found 16-bit xor3 for signal <s>.
    Summary:
	inferred  16 Xor(s).
Unit <CLA> synthesized.


=========================================================================
HDL Synthesis Report

Macro Statistics
# Xors                                                 : 16
 1-bit xor3                                            : 16

=========================================================================

=========================================================================
*                       Advanced HDL Synthesis                          *
=========================================================================


=========================================================================
Advanced HDL Synthesis Report

Macro Statistics
# Xors                                                 : 16
 1-bit xor3                                            : 16

=========================================================================

=========================================================================
*                         Low Level Synthesis                           *
=========================================================================

Optimizing unit <CLA> ...

Mapping all equations...
Building and optimizing final netlist ...
Found area constraint ratio of 100 (+ 5) on block CLA, actual ratio is 0.

Final Macro Processing ...

=========================================================================
Final Register Report

Found no macro
=========================================================================

=========================================================================
*                           Partition Report                            *
=========================================================================

Partition Implementation Status
-------------------------------

  No Partitions were found in this design.

-------------------------------

=========================================================================
*                            Final Report                               *
=========================================================================
Final Results
RTL Top Level Output File Name     : CLA.ngr
Top Level Output File Name         : CLA
Output Format                      : NGC
Optimization Goal                  : Speed
Keep Hierarchy                     : No

Design Statistics
# IOs                              : 50

Cell Usage :
# BELS                             : 85
#      GND                         : 1
#      LUT2                        : 10
#      LUT3                        : 14
#      LUT4                        : 50
#      MUXF5                       : 10
# IO Buffers                       : 50
#      IBUF                        : 33
#      OBUF                        : 17
=========================================================================

Device utilization summary:
---------------------------

Selected Device : 3sd1800afg676-4 

 Number of Slices:                       42  out of  16640     0%  
 Number of 4 input LUTs:                 74  out of  33280     0%  
 Number of IOs:                          50
 Number of bonded IOBs:                  50  out of    519     9%  

---------------------------
Partition Resource Summary:
---------------------------

  No Partitions were found in this design.

---------------------------


=========================================================================
TIMING REPORT

NOTE: THESE TIMING NUMBERS ARE ONLY A SYNTHESIS ESTIMATE.
      FOR ACCURATE TIMING INFORMATION PLEASE REFER TO THE TRACE REPORT
      GENERATED AFTER PLACE-and-ROUTE.

Clock Information:
------------------
No clock signals found in this design

Asynchronous Control Signals Information:
----------------------------------------
No asynchronous control signals found in this design

Timing Summary:
---------------
Speed Grade: -4

   Minimum period: No path found
   Minimum input arrival time before clock: No path found
   Maximum output required time after clock: No path found
   Maximum combinational path delay: 12.065ns

Timing Detail:
--------------
All values displayed in nanoseconds (ns)

=========================================================================
Timing constraint: Default path analysis
  Total number of paths / destination ports: 269 / 17
-------------------------------------------------------------------------
Delay:               12.065ns (Levels of Logic = 7)
  Source:            a<6> (PAD)
  Destination:       s<10> (PAD)

  Data Path: a<6> to s<10>
                                Gate     Net
    Cell:in->out      fanout   Delay   Delay  Logical Name (Net Name)
    ----------------------------------------  ------------
     IBUF:I->O             6   0.849   0.812  a_6_IBUF (a_6_IBUF)
     LUT2:I0->O            2   0.648   0.590  G_P_generate_ins0/P<6>1 (P<6>)
     LUT4:I0->O            4   0.648   0.730  carry_generator_ins0/c_10_or000011 (N15)
     LUT3:I0->O            1   0.648   0.452  carry_generator_ins0/c_9_or0000_SW0 (N56)
     LUT4:I2->O            1   0.648   0.452  carry_generator_ins0/c_9_or0000 (c<9>)
     LUT3:I2->O            1   0.648   0.420  Mxor_s<10>_xo<0>1 (s_10_OBUF)
     OBUF:I->O                 4.520          s_10_OBUF (s<10>)
    ----------------------------------------
    Total                     12.065ns (8.609ns logic, 3.456ns route)
                                       (71.4% logic, 28.6% route)

=========================================================================


Total REAL time to Xst completion: 4.00 secs
Total CPU time to Xst completion: 4.00 secs
 
--> 

Total memory usage is 4513704 kilobytes

Number of errors   :    0 (   0 filtered)
Number of warnings :    0 (   0 filtered)
Number of infos    :    0 (   0 filtered)

